{"name": "Проверка отображения номера заказа в разделе \"В работе\"", "status": "failed", "statusDetails": {"message": "AssertionError: assert '122200' == '122201'\n  \n  - 122201\n  ?      ^\n  + 122200\n  ?      ^", "trace": "self = <test_order_feed.TestOrderFeed object at 0x00000177357BA820>, driver = <selenium.webdriver.firefox.webdriver.WebDriver (session=\"50004975-19fa-455e-9be7-49003b33b0fd\")>, popup = None\n\n    @allure.title('Проверка отображения номера заказа в разделе \"В работе\"')\n    def test_in_work_counter_is_observed_after_new_order_is_created_success(self, driver, popup):\n        user = MainPage(driver)\n        user.add_bun_to_cart()\n        user.click_make_order_button()\n        user.wait_for_order_is_loaded()\n        order_counter = user.get_order_number()\n        user.click_close_ingredients_button()\n        user.click_order_feed_button()\n        user = OrderFeedPage(driver)\n        user.wait_for_work_counter_observed()\n        time.sleep(2)\n        in_work_counter = user.get_count_orders_in_work()\n>       assert order_counter == in_work_counter\nE       AssertionError: assert '122200' == '122201'\nE         \nE         - 122201\nE         ?      ^\nE         + 122200\nE         ?      ^\n\ntests\\test_order_feed.py:76: AssertionError"}, "steps": [{"name": "Открываем браузер", "status": "passed", "parameters": [{"name": "driver", "value": "<selenium.webdriver.firefox.webdriver.WebDriver (session=\"50004975-19fa-455e-9be7-49003b33b0fd\")>"}], "start": 1727364857370, "stop": 1727364857370}, {"name": "Добавляем бургер", "status": "passed", "start": 1727364857370, "stop": 1727364857899}, {"name": "Ждём \"Оформить заказ\"", "status": "passed", "start": 1727364857899, "stop": 1727364859120}, {"name": "Ждём появление \"Заказ оформлен\"", "status": "passed", "start": 1727364859120, "stop": 1727364860642}, {"name": "Получаем номер заказа", "status": "passed", "start": 1727364860642, "stop": 1727364860652}, {"name": "Жмём кнопку \"закрыть\"", "status": "passed", "start": 1727364860652, "stop": 1727364862905}, {"name": "Жмём \"Лента заказов\"", "status": "passed", "start": 1727364862905, "stop": 1727364864142}, {"name": "Открываем браузер", "status": "passed", "parameters": [{"name": "driver", "value": "<selenium.webdriver.firefox.webdriver.WebDriver (session=\"50004975-19fa-455e-9be7-49003b33b0fd\")>"}], "start": 1727364864142, "stop": 1727364864142}, {"name": "Ждём заказы \"В работе\"", "status": "passed", "start": 1727364864142, "stop": 1727364868171}, {"name": "Получаем количество заказов \"В работе\"", "status": "passed", "start": 1727364870172, "stop": 1727364870181}], "parameters": [{"name": "driver", "value": "'firefox'"}], "start": 1727364857369, "stop": 1727364870181, "uuid": "79061295-921e-49a0-b1d8-1034b4388c7a", "historyId": "bb1296e0ce76b669f9f1ba8cb0ab64e1", "testCaseId": "9f834a0617cb945925cc63d4ef878d1d", "fullName": "tests.test_order_feed.TestOrderFeed#test_in_work_counter_is_observed_after_new_order_is_created_success", "labels": [{"name": "parentSuite", "value": "tests"}, {"name": "suite", "value": "test_order_feed"}, {"name": "subSuite", "value": "TestOrderFeed"}, {"name": "host", "value": "FanatovPC"}, {"name": "thread", "value": "26172-MainThread"}, {"name": "framework", "value": "pytest"}, {"name": "language", "value": "cpython3"}, {"name": "package", "value": "tests.test_order_feed"}]}